#
# There is insufficient memory for the Java Runtime Environment to continue.
# Native memory allocation (mmap) failed to map 268435456 bytes for G1 virtual space
# Possible reasons:
#   The system is out of physical RAM or swap space
#   The process is running with CompressedOops enabled, and the Java Heap may be blocking the growth of the native heap
# Possible solutions:
#   Reduce memory load on the system
#   Increase physical memory or swap space
#   Check if swap backing store is full
#   Decrease Java heap size (-Xmx/-Xms)
#   Decrease number of Java threads
#   Decrease Java thread stack sizes (-Xss)
#   Set larger code cache with -XX:ReservedCodeCacheSize=
#   JVM is running with Zero Based Compressed Oops mode in which the Java heap is
#     placed in the first 32GB address space. The Java Heap base address is the
#     maximum limit for the native heap growth. Please use -XX:HeapBaseMinAddress
#     to set the Java Heap base and to place the Java Heap above 32GB virtual address.
# This output file may be truncated or incomplete.
#
#  Out of Memory Error (os_windows.cpp:3600), pid=11912, tid=8036
#
# JRE version:  (21.0.1+12) (build )
# Java VM: OpenJDK 64-Bit Server VM (21.0.1+12-29, mixed mode, emulated-client, sharing, tiered, compressed oops, compressed class ptrs, g1 gc, windows-amd64)
# No core dump will be written. Minidumps are not enabled by default on client versions of Windows
#

---------------  S U M M A R Y ------------

Command Line: -XX:TieredStopAtLevel=1 -Dspring.output.ansi.enabled=always -Dcom.sun.management.jmxremote -Dspring.jmx.enabled=true -Dspring.liveBeansView.mbeanDomain -Dspring.application.admin.enabled=true -Dmanagement.endpoints.jmx.exposure.include=* -javaagent:C:\Program Files\JetBrains\IntelliJ IDEA 2023.3.1\lib\idea_rt.jar=55242:C:\Program Files\JetBrains\IntelliJ IDEA 2023.3.1\bin -Dfile.encoding=UTF-8 -Dsun.stdout.encoding=UTF-8 -Dsun.stderr.encoding=UTF-8 com.challnege.delivery.DeliveryApplication

Host: Intel(R) Core(TM) i7-3770 CPU @ 3.40GHz, 8 cores, 15G,  Windows 10 , 64 bit Build 19041 (10.0.19041.3636)
Time: Sun Jan 14 20:35:26 2024  Windows 10 , 64 bit Build 19041 (10.0.19041.3636) elapsed time: 0.021261 seconds (0d 0h 0m 0s)

---------------  T H R E A D  ---------------

Current thread (0x0000025e7eb22810):  JavaThread "Unknown thread" [_thread_in_vm, id=8036, stack(0x000000d6bdb00000,0x000000d6bdc00000) (1024K)]

Stack: [0x000000d6bdb00000,0x000000d6bdc00000]
Native frames: (J=compiled Java code, j=interpreted, Vv=VM code, C=native code)
V  [jvm.dll+0x6c9029]
V  [jvm.dll+0x854b81]
V  [jvm.dll+0x856e5e]
V  [jvm.dll+0x857543]
V  [jvm.dll+0x280c06]
V  [jvm.dll+0x6c5715]
V  [jvm.dll+0x6ba10a]
V  [jvm.dll+0x3557ea]
V  [jvm.dll+0x35d436]
V  [jvm.dll+0x3ae1be]
V  [jvm.dll+0x3ae468]
V  [jvm.dll+0x3291fc]
V  [jvm.dll+0x329d8b]
V  [jvm.dll+0x81d179]
V  [jvm.dll+0x3bb4f1]
V  [jvm.dll+0x805ae8]
V  [jvm.dll+0x44effe]
V  [jvm.dll+0x450901]
C  [jli.dll+0x52a3]
C  [ucrtbase.dll+0x21bb2]
C  [KERNEL32.DLL+0x17344]
C  [ntdll.dll+0x526b1]


---------------  P R O C E S S  ---------------

Threads class SMR info:
_java_thread_list=0x00007fff435d9b88, length=0, elements={
}

Java Threads: ( => current thread )
Total: 0

Other Threads:
  0x0000025e7f8d4e40 WorkerThread "GC Thread#0"                     [id=16884, stack(0x000000d6bdc00000,0x000000d6bdd00000) (1024K)]
  0x0000025e7f8e5e60 ConcurrentGCThread "G1 Main Marker"            [id=17364, stack(0x000000d6bdd00000,0x000000d6bde00000) (1024K)]
  0x0000025e7f8e7010 WorkerThread "G1 Conc#0"                       [id=2884, stack(0x000000d6bde00000,0x000000d6bdf00000) (1024K)]

[error occurred during error reporting (printing all threads), id 0xc0000005, EXCEPTION_ACCESS_VIOLATION (0xc0000005) at pc=0x00007fff42d4c2c7]
VM state: not at safepoint (not fully initialized)

VM Mutex/Monitor currently owned by a thread:  ([mutex/lock_event])
[0x00007fff4364a6f8] Heap_lock - owner thread: 0x0000025e7eb22810

Heap address: 0x0000000700800000, size: 4088 MB, Compressed Oops mode: Zero based, Oop shift amount: 3

CDS archive(s) mapped at: [0x0000000000000000-0x0000000000000000-0x0000000000000000), size 0, SharedBaseAddress: 0x0000000800000000, ArchiveRelocationMode: 1.
Narrow klass base: 0x0000000000000000, Narrow klass shift: 0, Narrow klass range: 0x0

GC Precious Log:
 CardTable entry size: 512
 Card Set container configuration: InlinePtr #cards 4 size 8 Array Of Cards #cards 16 size 48 Howl #buckets 8 coarsen threshold 3686 Howl Bitmap #cards 512 size 80 coarsen threshold 460 Card regions per heap region 1 cards per card region 4096

Heap:
 garbage-first heap   total 0K, used 0K [0x0000000700800000, 0x0000000800000000)
  region size 2048K, 0 young (0K), 0 survivors (0K)

[error occurred during error reporting (printing heap information), id 0xc0000005, EXCEPTION_ACCESS_VIOLATION (0xc0000005) at pc=0x00007fff43131be9]
GC Heap History (0 events):
No events

Dll operation events (1 events):
Event: 0.014 Loaded shared library C:\Users\snnam\.jdks\openjdk-21.0.1\bin\java.dll

Deoptimization events (0 events):
No events

Classes loaded (0 events):
No events

Classes unloaded (0 events):
No events

Classes redefined (0 events):
No events

Internal exceptions (0 events):
No events

ZGC Phase Switch (0 events):
No events

VM Operations (0 events):
No events

Events (0 events):
No events


Dynamic libraries:
0x00007ff61ef60000 - 0x00007ff61ef6e000 	C:\Users\snnam\.jdks\openjdk-21.0.1\bin\java.exe
0x00007fffb5090000 - 0x00007fffb5288000 	C:\WINDOWS\SYSTEM32\ntdll.dll
0x00007fffb3390000 - 0x00007fffb344d000 	C:\WINDOWS\System32\KERNEL32.DLL
0x00007fffb2a00000 - 0x00007fffb2cf6000 	C:\WINDOWS\System32\KERNELBASE.dll
0x00007fffb2f40000 - 0x00007fffb3040000 	C:\WINDOWS\System32\ucrtbase.dll
0x00007fff975a0000 - 0x00007fff975bb000 	C:\Users\snnam\.jdks\openjdk-21.0.1\bin\VCRUNTIME140.dll
0x00007fff97080000 - 0x00007fff97098000 	C:\Users\snnam\.jdks\openjdk-21.0.1\bin\jli.dll
0x00007fffb4e80000 - 0x00007fffb501e000 	C:\WINDOWS\System32\USER32.dll
0x00007fffb2f10000 - 0x00007fffb2f32000 	C:\WINDOWS\System32\win32u.dll
0x00007fff9a290000 - 0x00007fff9a52a000 	C:\WINDOWS\WinSxS\amd64_microsoft.windows.common-controls_6595b64144ccf1df_6.0.19041.3636_none_60b6a03d71f818d5\COMCTL32.dll
0x00007fffb35b0000 - 0x00007fffb35dc000 	C:\WINDOWS\System32\GDI32.dll
0x00007fffb2890000 - 0x00007fffb29aa000 	C:\WINDOWS\System32\gdi32full.dll
0x00007fffb3510000 - 0x00007fffb35ae000 	C:\WINDOWS\System32\msvcrt.dll
0x00007fffb3040000 - 0x00007fffb30dd000 	C:\WINDOWS\System32\msvcp_win.dll
0x00007fffb5020000 - 0x00007fffb5050000 	C:\WINDOWS\System32\IMM32.DLL
0x00007fffabd90000 - 0x00007fffabd9c000 	C:\Users\snnam\.jdks\openjdk-21.0.1\bin\vcruntime140_1.dll
0x00007fff80bf0000 - 0x00007fff80c7e000 	C:\Users\snnam\.jdks\openjdk-21.0.1\bin\msvcp140.dll
0x00007fff42a10000 - 0x00007fff43725000 	C:\Users\snnam\.jdks\openjdk-21.0.1\bin\server\jvm.dll
0x00007fffb32d0000 - 0x00007fffb3383000 	C:\WINDOWS\System32\ADVAPI32.dll
0x00007fffb37f0000 - 0x00007fffb388f000 	C:\WINDOWS\System32\sechost.dll
0x00007fffb3640000 - 0x00007fffb3766000 	C:\WINDOWS\System32\RPCRT4.dll
0x00007fffb2760000 - 0x00007fffb2787000 	C:\WINDOWS\System32\bcrypt.dll
0x00007fffb4db0000 - 0x00007fffb4e1b000 	C:\WINDOWS\System32\WS2_32.dll
0x00007fffb25c0000 - 0x00007fffb260b000 	C:\WINDOWS\SYSTEM32\POWRPROF.dll
0x00007fffa5de0000 - 0x00007fffa5e07000 	C:\WINDOWS\SYSTEM32\WINMM.dll
0x00007fffabf80000 - 0x00007fffabf8a000 	C:\WINDOWS\SYSTEM32\VERSION.dll
0x00007fffb25a0000 - 0x00007fffb25b2000 	C:\WINDOWS\SYSTEM32\UMPDC.dll
0x00007fffb0630000 - 0x00007fffb0642000 	C:\WINDOWS\SYSTEM32\kernel.appcore.dll
0x00007fff984f0000 - 0x00007fff984fa000 	C:\Users\snnam\.jdks\openjdk-21.0.1\bin\jimage.dll
0x00007fffa5440000 - 0x00007fffa5624000 	C:\WINDOWS\SYSTEM32\DBGHELP.DLL
0x00007fff92990000 - 0x00007fff929c4000 	C:\WINDOWS\SYSTEM32\dbgcore.DLL
0x00007fffb2800000 - 0x00007fffb2882000 	C:\WINDOWS\System32\bcryptPrimitives.dll
0x00007fffac940000 - 0x00007fffac94f000 	C:\Users\snnam\.jdks\openjdk-21.0.1\bin\instrument.dll
0x00007fff95450000 - 0x00007fff9546f000 	C:\Users\snnam\.jdks\openjdk-21.0.1\bin\java.dll

dbghelp: loaded successfully - version: 4.0.5 - missing functions: none
symbol engine: initialized successfully - sym options: 0x614 - pdb path: .;C:\Users\snnam\.jdks\openjdk-21.0.1\bin;C:\WINDOWS\SYSTEM32;C:\WINDOWS\WinSxS\amd64_microsoft.windows.common-controls_6595b64144ccf1df_6.0.19041.3636_none_60b6a03d71f818d5;C:\Users\snnam\.jdks\openjdk-21.0.1\bin\server

VM Arguments:
jvm_args: -XX:TieredStopAtLevel=1 -Dspring.output.ansi.enabled=always -Dcom.sun.management.jmxremote -Dspring.jmx.enabled=true -Dspring.liveBeansView.mbeanDomain -Dspring.application.admin.enabled=true -Dmanagement.endpoints.jmx.exposure.include=* -javaagent:C:\Program Files\JetBrains\IntelliJ IDEA 2023.3.1\lib\idea_rt.jar=55242:C:\Program Files\JetBrains\IntelliJ IDEA 2023.3.1\bin -Dfile.encoding=UTF-8 -Dsun.stdout.encoding=UTF-8 -Dsun.stderr.encoding=UTF-8 
java_command: com.challnege.delivery.DeliveryApplication
java_class_path (initial): C:\Users\snnam\Desktop\deliveryChallenge\build\classes\java\main;C:\Users\snnam\Desktop\deliveryChallenge\build\resources\main;C:\Users\snnam\.gradle\caches\modules-2\files-2.1\org.projectlombok\lombok\1.18.30\f195ee86e6c896ea47a1d39defbe20eb59cd149d\lombok-1.18.30.jar;C:\Users\snnam\.gradle\caches\modules-2\files-2.1\io.jsonwebtoken\jjwt-api\0.11.5\f742940045619d06383e7df37b21ac422b476cf1\jjwt-api-0.11.5.jar;C:\Users\snnam\.gradle\caches\modules-2\files-2.1\org.springframework.boot\spring-boot-starter-data-jpa\3.1.7\51e7061756f4b83a424e9dbe85ce4033b4a05a88\spring-boot-starter-data-jpa-3.1.7.jar;C:\Users\snnam\.gradle\caches\modules-2\files-2.1\org.springframework.boot\spring-boot-starter-validation\3.1.7\c3acabad2b524c4d6f9b7e7c610d5c23e8670acf\spring-boot-starter-validation-3.1.7.jar;C:\Users\snnam\.gradle\caches\modules-2\files-2.1\org.springframework.boot\spring-boot-starter-web\3.1.7\201c1339a2f18854ae6565a3f05ead5d182c29e\spring-boot-starter-web-3.1.7.jar;C:\Users\snnam\.gradle\caches\modules-2\files-2.1\mysql\mysql-connector-java\8.0.28\33678b1729d4f832b9e4bcb2d5bbd67940920a7a\mysql-connector-java-8.0.28.jar;C:\Users\snnam\.gradle\caches\modules-2\files-2.1\org.springframework.boot\spring-boot-starter-aop\3.1.7\45715adcf36bc7706f3b15d0ab385f1060c67f6c\spring-boot-starter-aop-3.1.7.jar;C:\Users\snnam\.gradle\caches\modules-2\files-2.1\org.springframework.boot\spring-boot-starter-jdbc\3.1.7\b6c335d475b86c14a7ab6b69d8326f1dde3fccac\spring-boot-starter-jdbc-3.1.7.jar;C:\Users\snnam\.gradle\caches\modules-2\files-2.1\org.hibernate.orm\hibernate-core\6.2.17.Final\ce0e5d8503773fe64c2dc1a297762e718ac737d8\hibernate-core-6.2.17.Final.jar;C:\Users\snnam\.gradle\caches\modules-2\files-2.1\org.springframework.data\spring-data-jpa\3.1.7\ea14227182a4be9587fb7eb38e9f970b24e08f0b\spring-data-jpa-3.1.7.jar;C:\Users\snnam\.gradle\caches\modules-2\files-2.1\org.springframework\spring-aspects\6.0.15\457accda93d0af2ad69c1c34a78aa8ff7e7473e0\spring-aspects-6.0.15.jar;C:\Users\snnam\.gradle\caches\modules-2\files-2.1\org.springframework.boot\spring-boot-starter\3.1.7\8911f364662af7085f5f184adb16f774695089a3\spring-boot-starter-3.1.7.jar;C:\Users\snnam\.gradle\caches\modules-2\files-2.1\org.apache.tomcat.embed\tomcat-embed-el\10.1.17\9ad7312421535d7d3aabe0f541e852baccb59726\tomcat-embed-el-10.1.17.jar;C:\Users\snnam\.gradle\caches\modules-2\files-2.1\org.hibernate.validator\hibernate-validator\8.0.1.Final\e49e116b3d3928060599b176b3538bb848718e95\hibernate-validator-8.0.1.Final.jar;C:\Users\snnam\.gradle\caches\modules-2\files-2.1\org.springframework.boot\spring-boot-starter-json\3.1.7\f189d43682dfed811a12d13bcee4b3a1ec80558c\spring-boot-starter-json-3.1.7.jar;C:\Users\snnam\.gradle\caches\modules-2\files-2.1\org.springframework.boot\spring-boot-starter-tomcat\3.1.7\46cf0afefeb93616ec757ab9a3160a884c4343e3\spring-boot-starter-tomcat-3.1.7.jar;C:\Users\snnam\.gradle\caches\modules-2\files-2.1\org.springframework\spring-webmvc\6.0.15\bd96acb6a63c8fee3d7412082c27ab164294994f\spring-webmvc-6.0.15.jar;C:\Users\snnam\.gradle\caches\modules-2\files-2.1\org.springframework\spring-web\6.0.15\c7975806c7bcc548e143ac8284e95f467c72dfc7\spring-web-6.0.15.jar;C:\Users\snnam\.gradle\caches\modules-2\files-2.1\com.google.protobuf\protobuf-java\3.11.4\7ec0925cc3aef0335bbc7d57edfd42b0f86f8267\protobuf-java-3.11.4.jar;C:\Users\snnam\.gradle\caches\modules-2\files-2.1\org.springframework\spring-aop\6.0.15\e7d1c07bca65855c8a612ff411b994640fbe1951\spring-aop-6.0.15.jar;C:\Users\snnam\.gradle\caches\modules-2\files-2.1\org.aspectj\aspectjweaver\1.9.21\beaabaea95c7f3330f415c72ee0ffe79b51d172f\aspectjweaver-1.9.21.jar;C:\Users\snnam\.gradle\caches\modules-2\files-2.1\com.zaxxer\HikariCP\5.0.1\a74c7f0a37046846e88d54f7cb6ea6d565c65f9c\HikariCP-5.0.1.jar;C:\Users\snnam\.gradle\caches\modules-2\files-2.1\org.springframework\spring-jdbc\6.0.15\ac9c9c7698a5f7591684fe341ed517ba8f8d5394\spring-jdbc-6.0.15.jar;C:\Users\snnam\.gradle\caches\modules-2\files-2.1\jakarta.persistence\jakarta.persistence-api\3.1.0\66901fa1c373c6aff65c13791cc11da72060a8d6\jakarta.persistence-api-3.1.0.jar;C:\Users\snnam\.gradle\caches\modules-2\files-2.1\jakarta.transaction\jakarta.transaction-api\2.0.1\51a520e3fae406abb84e2e1148e6746ce3f80a1a\jakarta.transaction-api-2.0.1.jar;C:\Users\snnam\.gradle\caches\modules-2\files-2.1\org.springframework\spring-context\6.0.15\442e98debf3b4bc0d9a9b311ed6626465570b24d\spring-context-6.0.15.jar;C:\Users\snnam\.gradle\caches\modules-2\files-2.1\org.springframework\spring-orm\6.0.15\e14c369a95ff1862072e4cd88b8f18c88ec17e40\spring-orm-6.0.15.jar;C:\Users\snnam\.gradle\caches\modules-2\files-2.1\org.springframework.data\spring-data-commons\3.1.7\56d334d4bc461d3ca2b29d3b7849dd82a774b9be\spring-data-commons-3.1.7.jar;C:\Users\snnam\.gradle\caches\modules-2\files-2.1\org.springframework\spring-tx\6.0.15\675b8013e8e7ac3e1632993182c9e5c20a58c0c1\spring-tx-6.0.15.jar;C:\Users\snnam\.gradle\caches\modules-2\files-2.1\org.springframework\spring-beans\6.0.15\468e1405f2d7ccf285557ac9224074f50fa14480\spring-beans-6.0.15.jar;C:\Users\snnam\.gradle\caches\modules-2\files-2.1\org.springframework\spring-core\6.0.15\dce179c04d957e68b24623394bbeed38b3c7a0e0\spring-core-6.0.15.jar;C:\Users\snnam\.gradle\caches\modules-2\files-2.1\org.antlr\antlr4-runtime\4.10.1\10839f875928f59c622d675091d51a43ea0dc5f7\antlr4-runtime-4.10.1.jar;C:\Users\snnam\.gradle\caches\modules-2\files-2.1\jakarta.annotation\jakarta.annotation-api\2.1.1\48b9bda22b091b1f48b13af03fe36db3be6e1ae3\jakarta.annotation-api-2.1.1.jar;C:\Users\snnam\.gradle\caches\modules-2\files-2.1\org.slf4j\slf4j-api\2.0.9\7cf2726fdcfbc8610f9a71fb3ed639871f315340\slf4j-api-2.0.9.jar;C:\Users\snnam\.gradle\caches\modules-2\files-2.1\org.springframework.boot\spring-boot-autoconfigure\3.1.7\c5013a4e18eee6891f6eda3395a008b6178ed86d\spring-boot-autoconfigure-3.1.7.jar;C:\Users\snnam\.gradle\caches\modules-2\files-2.1\org.springframework.boot\spring-boot\3.1.7\60c6b27b0dbc68c2a92b042027175e5e3553e92d\spring-boot-3.1.7.jar;C:\Users\snnam\.gradle\caches\modules-2\files-2.1\org.springframework.boot\spring-boot-starter-logging\3.1.7\1b773eb389f7ac00355c2b7ffc73759534ae8e07\spring-boot-starter-logging-3.1.7.jar;C:\Users\snnam\.gradle\caches\modules-2\files-2.1\org.yaml\snakeyaml\1.33\2cd0a87ff7df953f810c344bdf2fe3340b954c69\snakeyaml-1.33.jar;C:\Users\snnam\.gradle\caches\modules-2\files-2.1\jakarta.validation\jakarta.validation-api\3.0.2\92b6631659ba35ca09e44874d3eb936edfeee532\jakarta.validation-api-3.0.2.jar;C:\Users\snnam\.gradle\caches\modules-2\files-2.1\org.jboss.logging\jboss-logging\3.5.3.Final\c88fc1d8a96d4c3491f55d4317458ccad53ca663\jboss-logging-3.5.3.Final.jar;C:\Users\snnam\.gradle\caches\modules-2\files-2.1\com.fasterxml\classmate\1.5.1\3fe0bed568c62df5e89f4f174c101eab25345b6c\classmate-1.5.1.jar;C:\Users\snnam\.gradle\caches\modules-2\files-2.1\com.fasterxml.jackson.datatype\jackson-datatype-jsr310\2.15.3\4a20a0e104931bfa72f24ef358c2eb63f1ef2aaf\jackson-datatype-jsr310-2.15.3.jar;C:\Users\snnam\.gradle\caches\modules-2\files-2.1\com.fasterxml.jackson.module\jackson-module-parameter-names\2.15.3\8d251b90c5358677e7d8161e0c2488e6f84f49da\jackson-module-parameter-names-2.15.3.jar;C:\Users\snnam\.gradle\caches\modules-2\files-2.1\com.fasterxml.jackson.datatype\jackson-datatype-jdk8\2.15.3\80158cb020c7bd4e4ba94d8d752a65729dc943b2\jackson-datatype-jdk8-2.15.3.jar;C:\Users\snnam\.gradle\caches\modules-2\files-2.1\com.fasterxml.jackson.core\jackson-databind\2.15.3\a734bc2c47a9453c4efa772461a3aeb273c010d9\jackson-databind-2.15.3.jar;C:\Users\snnam\.gradle\caches\modules-2\files-2.1\org.apache.tomcat.embed\tomcat-embed-websocket\10.1.17\9ee2f34b51144b75878c9b42768e17de8fbdc74b\tomcat-embed-websocket-10.1.17.jar;C:\Users\snnam\.gradle\caches\modules-2\files-2.1\org.apache.tomcat.embed\tomcat-embed-core\10.1.17\5b9185ee002f9e194d2cb21ddcf8bc5f3d4a69da\tomcat-embed-core-10.1.17.jar;C:\Users\snnam\.gradle\caches\modules-2\files-2.1\org.springframework\spring-expression\6.0.15\481d351eea6656682492f7b5656f9c543003b82a\spring-expression-6.0.15.jar;C:\Users\snnam\.gradle\caches\modules-2\files-2.1\io.micrometer\micrometer-observation\1.11.7\99d52f3f7114d6d84cc6d686d8cb5a1f31bd4960\micrometer-observation-1.11.7.jar;C:\Users\snnam\.gradle\caches\modules-2\files-2.1\org.springframework\spring-jcl\6.0.15\a73b1a35676b4956f9afd8f0c6259ddaffc29dca\spring-jcl-6.0.15.jar;C:\Users\snnam\.gradle\caches\modules-2\files-2.1\ch.qos.logback\logback-classic\1.4.14\d98bc162275134cdf1518774da4a2a17ef6fb94d\logback-classic-1.4.14.jar;C:\Users\snnam\.gradle\caches\modules-2\files-2.1\org.apache.logging.log4j\log4j-to-slf4j\2.20.0\d37f81f8978e2672bc32c82712ab4b3f66624adc\log4j-to-slf4j-2.20.0.jar;C:\Users\snnam\.gradle\caches\modules-2\files-2.1\org.slf4j\jul-to-slf4j\2.0.9\9ef7c70b248185845f013f49a33ff9ca65b7975\jul-to-slf4j-2.0.9.jar;C:\Users\snnam\.gradle\caches\modules-2\files-2.1\com.fasterxml.jackson.core\jackson-annotations\2.15.3\79baf4e605eb3bbb60b1c475d44a7aecceea1d60\jackson-annotations-2.15.3.jar;C:\Users\snnam\.gradle\caches\modules-2\files-2.1\com.fasterxml.jackson.core\jackson-core\2.15.3\60d600567c1862840397bf9ff5a92398edc5797b\jackson-core-2.15.3.jar;C:\Users\snnam\.gradle\caches\modules-2\files-2.1\io.micrometer\micrometer-commons\1.11.7\d3275ddb79e716348ba2cb1cc98f357755f046a8\micrometer-commons-1.11.7.jar;C:\Users\snnam\.gradle\caches\modules-2\files-2.1\ch.qos.logback\logback-core\1.4.14\4d3c2248219ac0effeb380ed4c5280a80bf395e8\logback-core-1.4.14.jar;C:\Users\snnam\.gradle\caches\modules-2\files-2.1\org.apache.logging.log4j\log4j-api\2.20.0\1fe6082e660daf07c689a89c94dc0f49c26b44bb\log4j-api-2.20.0.jar;C:\Users\snnam\.gradle\caches\modules-2\files-2.1\io.jsonwebtoken\jjwt-impl\0.11.5\40a599f0e8a8e4e0701596fbb15e67bfda64fdf0\jjwt-impl-0.11.5.jar;C:\Users\snnam\.gradle\caches\modules-2\files-2.1\io.jsonwebtoken\jjwt-jackson\0.11.5\3b83a06809e98a69402d7333dcf67df6f6ea4579\jjwt-jackson-0.11.5.jar;C:\Users\snnam\.gradle\caches\modules-2\files-2.1\org.hibernate.common\hibernate-commons-annotations\6.0.6.Final\77a5f94b56d49508e0ee334751db5b78e5ccd50c\hibernate-commons-annotations-6.0.6.Final.jar;C:\Users\snnam\.gradle\caches\modules-2\files-2.1\io.smallrye\jandex\3.0.5\c548a4871b552292dbdd65409d3fda145c8925c1\jandex-3.0.5.jar;C:\Users\snnam\.gradle\caches\modules-2\files-2.1\net.bytebuddy\byte-buddy\1.14.10\8117daf4a612122eb4f517f66adff778cb8b4737\byte-buddy-1.14.10.jar;C:\Users\snnam\.gradle\caches\modules-2\files-2.1\org.glassfish.jaxb\jaxb-runtime\4.0.4\7180c50ef8bd127bb1dd645458b906cffcf6c2b5\jaxb-runtime-4.0.4.jar;C:\Users\snnam\.gradle\caches\modules-2\files-2.1\jakarta.xml.bind\jakarta.xml.bind-api\4.0.1\ca2330866cbc624c7e5ce982e121db1125d23e15\jakarta.xml.bind-api-4.0.1.jar;C:\Users\snnam\.gradle\caches\modules-2\files-2.1\jakarta.inject\jakarta.inject-api\2.0.1\4c28afe1991a941d7702fe1362c365f0a8641d1e\jakarta.inject-api-2.0.1.jar;C:\Users\snnam\.gradle\caches\modules-2\files-2.1\org.glassfish.jaxb\jaxb-core\4.0.4\2d5aadd02af86f1e9d8c6f7e8501673f915d4e25\jaxb-core-4.0.4.jar;C:\Users\snnam\.gradle\caches\modules-2\files-2.1\jakarta.activation\jakarta.activation-api\2.1.2\640c0d5aff45dbff1e1a1bc09673ff3a02b1ba12\jakarta.activation-api-2.1.2.jar;C:\Users\snnam\.gradle\caches\modules-2\files-2.1\org.eclipse.angus\angus-activation\2.0.1\eaafaf4eb71b400e4136fc3a286f50e34a68ecb7\angus-activation-2.0.1.jar;C:\Users\snnam\.gradle\caches\modules-2\files-2.1\org.glassfish.jaxb\txw2\4.0.4\cfd2bcf08782673ac370694fdf2cf76dbaa607ef\txw2-4.0.4.jar;C:\Users\snnam\.gradle\caches\modules-2\files-2.1\com.sun.istack\istack-commons-runtime\4.1.2\18ec117c85f3ba0ac65409136afa8e42bc74e739\istack-commons-runtime-4.1.2.jar
Launcher Type: SUN_STANDARD

[Global flags]
     intx CICompilerCount                          = 4                                         {product} {ergonomic}
     uint ConcGCThreads                            = 2                                         {product} {ergonomic}
     uint G1ConcRefinementThreads                  = 8                                         {product} {ergonomic}
   size_t G1HeapRegionSize                         = 2097152                                   {product} {ergonomic}
    uintx GCDrainStackTargetSize                   = 64                                        {product} {ergonomic}
   size_t InitialHeapSize                          = 268435456                                 {product} {ergonomic}
     bool ManagementServer                         = true                                      {product} {command line}
   size_t MarkStackSize                            = 4194304                                   {product} {ergonomic}
   size_t MaxHeapSize                              = 4286578688                                {product} {ergonomic}
   size_t MinHeapDeltaBytes                        = 2097152                                   {product} {ergonomic}
   size_t MinHeapSize                              = 8388608                                   {product} {ergonomic}
    uintx NonNMethodCodeHeapSize                   = 4096                                   {pd product} {ergonomic}
    uintx NonProfiledCodeHeapSize                  = 0                                      {pd product} {ergonomic}
     bool ProfileInterpreter                       = false                                  {pd product} {command line}
    uintx ProfiledCodeHeapSize                     = 0                                      {pd product} {ergonomic}
   size_t SoftMaxHeapSize                          = 4286578688                             {manageable} {ergonomic}
     intx TieredStopAtLevel                        = 1                                         {product} {command line}
     bool UseCompressedOops                        = true                           {product lp64_product} {ergonomic}
     bool UseG1GC                                  = true                                      {product} {ergonomic}
     bool UseLargePagesIndividualAllocation        = false                                  {pd product} {ergonomic}

Logging:
Log output configuration:
 #0: stdout all=warning uptime,level,tags foldmultilines=false
 #1: stderr all=off uptime,level,tags foldmultilines=false

Environment Variables:
JAVA_HOME=C:\Program Files\Java\jdk-21.0.1
CLASSPATH=C:\Program Files\Java\jdk-21.0.1\lib
PATH=C:\Program Files\Java\jdk-21.0.1\bin;C:\Program Files (x86)\Common Files\Oracle\Java\javapath;C:\WINDOWS\system32;C:\WINDOWS;C:\WINDOWS\System32\Wbem;C:\WINDOWS\System32\WindowsPowerShell\v1.0\;C:\Program Files\Git\cmd;C:\Python312;C:\Python312\Scripts;C:\Program Files\Bandizip\;C:\WINDOWS\System32\OpenSSH\;C:\Program Files\NVIDIA Corporation\NVIDIA NvDLISR;C:\Program Files (x86)\NVIDIA Corporation\PhysX\Common;C:\Program Files\MySQL\MySQL Server 8.0\bin;C:\Python312\Scripts\;C:\Python312\;C:\Users\snnam\AppData\Local\Microsoft\WindowsApps;C:\Program Files\JetBrains\IntelliJ IDEA Community Edition 2023.2.4\bin;C:\Program Files\JetBrains\PyCharm Community Edition 2023.2.4\bin;C:\Users\snnam\AppData\Local\Programs\Microsoft VS Code\bin;C:\Users\snnam\AppData\Local\gitkraken\bin;C:\Program Files\JetBrains\IntelliJ IDEA Community Edition 2023.3.1\bin;;C:\Program Files\JetBrains\IntelliJ IDEA 2023.3.1\bin;
USERNAME=snnam
OS=Windows_NT
PROCESSOR_IDENTIFIER=Intel64 Family 6 Model 58 Stepping 9, GenuineIntel
TMP=C:\Users\snnam\AppData\Local\Temp
TEMP=C:\Users\snnam\AppData\Local\Temp




Periodic native trim disabled

---------------  S Y S T E M  ---------------

OS:
 Windows 10 , 64 bit Build 19041 (10.0.19041.3636)
OS uptime: 0 days 7:41 hours

CPU: total 8 (initial active 8) (4 cores per cpu, 2 threads per core) family 6 model 58 stepping 9 microcode 0x21, cx8, cmov, fxsr, ht, mmx, sse, sse2, sse3, ssse3, sse4.1, sse4.2, popcnt, tsc, tscinvbit, avx, aes, erms, clmul, vzeroupper, clflush, rdtscp, f16c
Processor Information for all 8 processors :
  Max Mhz: 3401, Current Mhz: 3401, Mhz Limit: 3401

Memory: 4k page, system-wide physical 16344M (4291M free)
TotalPageFile size 16344M (AvailPageFile size 207M)
current process WorkingSet (physical memory assigned to process): 11M, peak: 11M
current process commit charge ("private bytes"): 55M, peak: 311M

vm_info: OpenJDK 64-Bit Server VM (21.0.1+12-29) for windows-amd64 JRE (21.0.1+12-29), built on 2023-10-05T13:27:09Z by "mach5one" with MS VC++ 17.1 (VS2022)

END.
